<?xml version="1.0" encoding="UTF-8"?>
<!-- Generated by org.testng.reporters.JUnitXMLReporter -->
<testsuite ignored="0" hostname="DESKTOP-ESH33K5" failures="0" tests="11" name="Chrome" time="180.16" errors="0" timestamp="2023-05-25T12:10:04 IST">
  <testcase classname="org.selenium.pom.tests.AddToCartTest" name="addToCartFromHomePage" time="3.879"/>
  <testcase classname="org.selenium.pom.tests.AddToCartTest" name="addToCartFromHomePage" time="4.921"/>
  <testcase classname="org.selenium.pom.tests.AddToCartTest" name="addToCartFromHomePage" time="6.189"/>
  <testcase classname="org.selenium.pom.tests.AddToCartTest" name="addToCartFromHomePage" time="4.583"/>
  <testcase classname="org.selenium.pom.tests.AddToCartTest" name="addToCartFromHomePage" time="5.282"/>
  <testcase classname="org.selenium.pom.tests.AddToCartTest" name="addToCartFromStorePage" time="9.502"/>
  <testcase classname="org.selenium.pom.tests.CheckoutTest" name="CheckoutWithAnAccountHavingABillingAddress" time="24.611"/>
  <testcase classname="org.selenium.pom.tests.LoginTest" name="loginDuringCheckout" time="12.457"/>
  <testcase classname="org.selenium.pom.tests.MyFirstTestCase" name="guestCheckoutUsingDirectBankTransfer" time="17.922"/>
  <testcase classname="org.selenium.pom.tests.NavigationTest" name="NavigateFromHomeToStoreUsingMainMenu" time="1.876"/>
  <testcase classname="org.selenium.pom.tests.SearchTest" name="searchWithPartialMatch" time="1.853"/>
</testsuite> <!-- Chrome -->
